Use GPU with index 0
Initialization finished ...
Random seed is set to 999
Use GPU with index 0
Load dataset and database finished, cost 11.5306s ...
Dataset size: train -> 5119 ; dev -> 895
Total training steps: 16000
Start training ......
Training: 	Epoch: 0	Time: 5.3302	Training Loss: 0.9332
Evaluation: 	Epoch: 0	Time: 0.3315	Dev acc: 63.80	Dev fscore(p/r/f): (68.60/66.53/67.55)
NEW BEST MODEL: 	Epoch: 0	Dev loss: 0.6120	Dev acc: 63.80	Dev fscore(p/r/f): (68.60/66.53/67.55)
Training: 	Epoch: 1	Time: 3.8194	Training Loss: 0.4464
Evaluation: 	Epoch: 1	Time: 0.8062	Dev acc: 69.61	Dev fscore(p/r/f): (76.61/72.05/74.26)
NEW BEST MODEL: 	Epoch: 1	Dev loss: 0.5984	Dev acc: 69.61	Dev fscore(p/r/f): (76.61/72.05/74.26)
Training: 	Epoch: 2	Time: 3.8738	Training Loss: 0.3638
Evaluation: 	Epoch: 2	Time: 0.7560	Dev acc: 70.50	Dev fscore(p/r/f): (78.45/72.89/75.57)
NEW BEST MODEL: 	Epoch: 2	Dev loss: 0.5724	Dev acc: 70.50	Dev fscore(p/r/f): (78.45/72.89/75.57)
Training: 	Epoch: 3	Time: 3.7196	Training Loss: 0.3014
Evaluation: 	Epoch: 3	Time: 0.7426	Dev acc: 70.28	Dev fscore(p/r/f): (80.32/72.78/76.37)
Training: 	Epoch: 4	Time: 3.7367	Training Loss: 0.2512
Evaluation: 	Epoch: 4	Time: 0.7286	Dev acc: 69.27	Dev fscore(p/r/f): (79.24/71.64/75.25)
Training: 	Epoch: 5	Time: 3.6057	Training Loss: 0.2082
Evaluation: 	Epoch: 5	Time: 0.7322	Dev acc: 70.95	Dev fscore(p/r/f): (80.91/74.24/77.43)
NEW BEST MODEL: 	Epoch: 5	Dev loss: 0.6603	Dev acc: 70.95	Dev fscore(p/r/f): (80.91/74.24/77.43)
Training: 	Epoch: 6	Time: 3.5148	Training Loss: 0.1777
Evaluation: 	Epoch: 6	Time: 0.6935	Dev acc: 69.39	Dev fscore(p/r/f): (80.75/72.16/76.21)
Training: 	Epoch: 7	Time: 3.5996	Training Loss: 0.1523
Evaluation: 	Epoch: 7	Time: 0.6900	Dev acc: 70.28	Dev fscore(p/r/f): (80.39/73.10/76.57)
Training: 	Epoch: 8	Time: 3.5879	Training Loss: 0.1175
Evaluation: 	Epoch: 8	Time: 0.5935	Dev acc: 69.94	Dev fscore(p/r/f): (81.14/72.68/76.68)
Training: 	Epoch: 9	Time: 3.5135	Training Loss: 0.0951
Evaluation: 	Epoch: 9	Time: 0.6396	Dev acc: 69.72	Dev fscore(p/r/f): (83.03/71.95/77.09)
Training: 	Epoch: 10	Time: 3.5882	Training Loss: 0.0748
Evaluation: 	Epoch: 10	Time: 0.7494	Dev acc: 70.28	Dev fscore(p/r/f): (80.65/72.99/76.63)
Training: 	Epoch: 11	Time: 3.6075	Training Loss: 0.0739
Evaluation: 	Epoch: 11	Time: 0.3219	Dev acc: 69.50	Dev fscore(p/r/f): (79.93/72.26/75.90)
Training: 	Epoch: 12	Time: 3.6108	Training Loss: 0.0544
Evaluation: 	Epoch: 12	Time: 0.6840	Dev acc: 69.39	Dev fscore(p/r/f): (80.75/72.16/76.21)
Training: 	Epoch: 13	Time: 3.5981	Training Loss: 0.0458
Evaluation: 	Epoch: 13	Time: 0.8073	Dev acc: 71.40	Dev fscore(p/r/f): (80.20/74.35/77.16)
NEW BEST MODEL: 	Epoch: 13	Dev loss: 0.9800	Dev acc: 71.40	Dev fscore(p/r/f): (80.20/74.35/77.16)
Training: 	Epoch: 14	Time: 3.5543	Training Loss: 0.0395
Evaluation: 	Epoch: 14	Time: 0.6524	Dev acc: 68.60	Dev fscore(p/r/f): (80.26/71.64/75.70)
Training: 	Epoch: 15	Time: 3.5687	Training Loss: 0.0430
Evaluation: 	Epoch: 15	Time: 0.7606	Dev acc: 70.17	Dev fscore(p/r/f): (81.01/73.41/77.02)
Training: 	Epoch: 16	Time: 3.5845	Training Loss: 0.0408
Evaluation: 	Epoch: 16	Time: 0.7534	Dev acc: 70.84	Dev fscore(p/r/f): (80.89/73.72/77.14)
Training: 	Epoch: 17	Time: 3.5751	Training Loss: 0.0497
Evaluation: 	Epoch: 17	Time: 0.6732	Dev acc: 68.72	Dev fscore(p/r/f): (78.86/71.95/75.25)
Training: 	Epoch: 18	Time: 3.6017	Training Loss: 0.0661
Evaluation: 	Epoch: 18	Time: 0.7492	Dev acc: 67.93	Dev fscore(p/r/f): (79.01/69.86/74.16)
Training: 	Epoch: 19	Time: 3.7610	Training Loss: 0.0388
Evaluation: 	Epoch: 19	Time: 1.0435	Dev acc: 70.84	Dev fscore(p/r/f): (81.68/72.99/77.09)
Training: 	Epoch: 20	Time: 4.1836	Training Loss: 0.0297
Evaluation: 	Epoch: 20	Time: 2.8881	Dev acc: 68.04	Dev fscore(p/r/f): (81.96/70.59/75.85)
Training: 	Epoch: 21	Time: 4.7737	Training Loss: 0.0325
Evaluation: 	Epoch: 21	Time: 2.5160	Dev acc: 70.50	Dev fscore(p/r/f): (80.97/73.20/76.89)
Training: 	Epoch: 22	Time: 3.8806	Training Loss: 0.0275
Evaluation: 	Epoch: 22	Time: 2.0845	Dev acc: 70.61	Dev fscore(p/r/f): (82.41/72.78/77.30)
Training: 	Epoch: 23	Time: 4.2216	Training Loss: 0.0263
Evaluation: 	Epoch: 23	Time: 2.9949	Dev acc: 69.83	Dev fscore(p/r/f): (81.52/72.68/76.85)
Training: 	Epoch: 24	Time: 4.7490	Training Loss: 0.0249
Evaluation: 	Epoch: 24	Time: 1.7382	Dev acc: 70.61	Dev fscore(p/r/f): (80.85/73.10/76.78)
Training: 	Epoch: 25	Time: 3.8775	Training Loss: 0.0240
Evaluation: 	Epoch: 25	Time: 1.5922	Dev acc: 70.17	Dev fscore(p/r/f): (81.45/72.78/76.87)
Training: 	Epoch: 26	Time: 4.5064	Training Loss: 0.0228
Evaluation: 	Epoch: 26	Time: 2.9955	Dev acc: 69.94	Dev fscore(p/r/f): (81.24/72.26/76.49)
Training: 	Epoch: 27	Time: 4.7297	Training Loss: 0.0230
Evaluation: 	Epoch: 27	Time: 1.6595	Dev acc: 70.50	Dev fscore(p/r/f): (81.37/73.31/77.13)
Training: 	Epoch: 28	Time: 4.6548	Training Loss: 0.0236
Evaluation: 	Epoch: 28	Time: 1.5211	Dev acc: 70.84	Dev fscore(p/r/f): (81.20/73.41/77.11)
Training: 	Epoch: 29	Time: 4.6081	Training Loss: 0.0229
Evaluation: 	Epoch: 29	Time: 2.9895	Dev acc: 70.50	Dev fscore(p/r/f): (81.04/73.10/76.86)
Training: 	Epoch: 30	Time: 4.2639	Training Loss: 0.0228
Evaluation: 	Epoch: 30	Time: 2.7311	Dev acc: 70.28	Dev fscore(p/r/f): (80.86/72.68/76.55)
Training: 	Epoch: 31	Time: 4.4469	Training Loss: 0.0240
Evaluation: 	Epoch: 31	Time: 1.3364	Dev acc: 70.17	Dev fscore(p/r/f): (81.28/72.89/76.86)
Training: 	Epoch: 32	Time: 3.4869	Training Loss: 0.0220
Evaluation: 	Epoch: 32	Time: 1.2555	Dev acc: 70.39	Dev fscore(p/r/f): (81.34/73.20/77.06)
Training: 	Epoch: 33	Time: 3.7239	Training Loss: 0.0223
Evaluation: 	Epoch: 33	Time: 1.1589	Dev acc: 70.50	Dev fscore(p/r/f): (81.64/72.78/76.96)
Training: 	Epoch: 34	Time: 3.7006	Training Loss: 0.0220
Evaluation: 	Epoch: 34	Time: 1.2648	Dev acc: 71.17	Dev fscore(p/r/f): (81.59/73.93/77.57)
Training: 	Epoch: 35	Time: 3.6502	Training Loss: 0.0697
Evaluation: 	Epoch: 35	Time: 1.2961	Dev acc: 69.16	Dev fscore(p/r/f): (77.23/72.16/74.61)
Training: 	Epoch: 36	Time: 3.7523	Training Loss: 0.0908
Evaluation: 	Epoch: 36	Time: 1.6481	Dev acc: 65.81	Dev fscore(p/r/f): (80.39/68.40/73.92)
Training: 	Epoch: 37	Time: 4.3119	Training Loss: 0.0407
Evaluation: 	Epoch: 37	Time: 1.4918	Dev acc: 69.72	Dev fscore(p/r/f): (81.39/72.05/76.44)
Training: 	Epoch: 38	Time: 4.3199	Training Loss: 0.0344
Evaluation: 	Epoch: 38	Time: 1.3999	Dev acc: 67.37	Dev fscore(p/r/f): (80.62/70.28/75.10)
Training: 	Epoch: 39	Time: 4.0215	Training Loss: 0.0306
Evaluation: 	Epoch: 39	Time: 1.1585	Dev acc: 70.95	Dev fscore(p/r/f): (81.23/74.45/77.69)
Training: 	Epoch: 40	Time: 4.4504	Training Loss: 0.0241
Evaluation: 	Epoch: 40	Time: 2.2028	Dev acc: 69.50	Dev fscore(p/r/f): (80.60/72.78/76.49)
Training: 	Epoch: 41	Time: 4.3223	Training Loss: 0.0227
Evaluation: 	Epoch: 41	Time: 2.8777	Dev acc: 69.72	Dev fscore(p/r/f): (80.69/73.20/76.76)
Training: 	Epoch: 42	Time: 4.9994	Training Loss: 0.0220
Evaluation: 	Epoch: 42	Time: 3.5376	Dev acc: 70.50	Dev fscore(p/r/f): (81.31/73.93/77.44)
Training: 	Epoch: 43	Time: 4.8839	Training Loss: 0.0222
Evaluation: 	Epoch: 43	Time: 1.7682	Dev acc: 70.39	Dev fscore(p/r/f): (80.52/73.72/76.97)
Training: 	Epoch: 44	Time: 4.5957	Training Loss: 0.0213
Evaluation: 	Epoch: 44	Time: 3.5866	Dev acc: 70.73	Dev fscore(p/r/f): (80.96/74.04/77.34)
Training: 	Epoch: 45	Time: 5.3147	Training Loss: 0.0210
Evaluation: 	Epoch: 45	Time: 2.8364	Dev acc: 70.73	Dev fscore(p/r/f): (80.70/74.14/77.28)
Training: 	Epoch: 46	Time: 4.7876	Training Loss: 0.0218
Evaluation: 	Epoch: 46	Time: 2.7037	Dev acc: 70.06	Dev fscore(p/r/f): (81.03/73.51/77.09)
Training: 	Epoch: 47	Time: 4.8376	Training Loss: 0.0218
Evaluation: 	Epoch: 47	Time: 3.5743	Dev acc: 70.95	Dev fscore(p/r/f): (81.11/74.35/77.58)
Training: 	Epoch: 48	Time: 4.8448	Training Loss: 0.0209
Evaluation: 	Epoch: 48	Time: 2.7955	Dev acc: 70.50	Dev fscore(p/r/f): (81.03/73.93/77.32)
Training: 	Epoch: 49	Time: 4.8626	Training Loss: 0.0211
Evaluation: 	Epoch: 49	Time: 1.7150	Dev acc: 70.28	Dev fscore(p/r/f): (80.99/73.72/77.18)
Training: 	Epoch: 50	Time: 4.6126	Training Loss: 0.0211
Evaluation: 	Epoch: 50	Time: 2.9585	Dev acc: 70.17	Dev fscore(p/r/f): (81.03/73.51/77.09)
Training: 	Epoch: 51	Time: 4.8226	Training Loss: 0.0208
Evaluation: 	Epoch: 51	Time: 3.6017	Dev acc: 69.83	Dev fscore(p/r/f): (80.57/73.10/76.65)
Training: 	Epoch: 52	Time: 5.1495	Training Loss: 0.0201
Evaluation: 	Epoch: 52	Time: 2.4657	Dev acc: 70.28	Dev fscore(p/r/f): (80.94/73.51/77.05)
Training: 	Epoch: 53	Time: 4.6006	Training Loss: 0.0210
Evaluation: 	Epoch: 53	Time: 2.9759	Dev acc: 70.61	Dev fscore(p/r/f): (80.96/74.04/77.34)
Training: 	Epoch: 54	Time: 5.1433	Training Loss: 0.0216
Evaluation: 	Epoch: 54	Time: 3.5284	Dev acc: 70.06	Dev fscore(p/r/f): (80.94/73.51/77.05)
Training: 	Epoch: 55	Time: 4.9012	Training Loss: 0.0207
Evaluation: 	Epoch: 55	Time: 1.6647	Dev acc: 70.61	Dev fscore(p/r/f): (80.84/73.93/77.23)
Training: 	Epoch: 56	Time: 4.7483	Training Loss: 0.0208
Evaluation: 	Epoch: 56	Time: 3.6869	Dev acc: 69.94	Dev fscore(p/r/f): (81.26/72.78/76.79)
Training: 	Epoch: 57	Time: 5.0155	Training Loss: 0.0209
Evaluation: 	Epoch: 57	Time: 3.1818	Dev acc: 70.73	Dev fscore(p/r/f): (80.43/74.14/77.16)
Training: 	Epoch: 58	Time: 4.3598	Training Loss: 0.0206
Evaluation: 	Epoch: 58	Time: 3.1339	Dev acc: 70.17	Dev fscore(p/r/f): (80.92/73.41/76.98)
Training: 	Epoch: 59	Time: 5.1508	Training Loss: 0.0209
Evaluation: 	Epoch: 59	Time: 3.7150	Dev acc: 69.94	Dev fscore(p/r/f): (80.07/73.31/76.54)
Training: 	Epoch: 60	Time: 5.1606	Training Loss: 0.0205
Evaluation: 	Epoch: 60	Time: 2.2019	Dev acc: 69.50	Dev fscore(p/r/f): (80.18/72.99/76.42)
Training: 	Epoch: 61	Time: 4.2883	Training Loss: 0.0203
Evaluation: 	Epoch: 61	Time: 3.5032	Dev acc: 70.06	Dev fscore(p/r/f): (80.97/73.20/76.89)
Training: 	Epoch: 62	Time: 5.1732	Training Loss: 0.0207
Evaluation: 	Epoch: 62	Time: 3.8412	Dev acc: 70.73	Dev fscore(p/r/f): (80.41/74.04/77.09)
Training: 	Epoch: 63	Time: 4.4042	Training Loss: 0.0203
Evaluation: 	Epoch: 63	Time: 3.2160	Dev acc: 69.94	Dev fscore(p/r/f): (80.39/73.10/76.57)
Training: 	Epoch: 64	Time: 4.5928	Training Loss: 0.0204
Evaluation: 	Epoch: 64	Time: 3.2526	Dev acc: 70.50	Dev fscore(p/r/f): (80.39/73.93/77.02)
Training: 	Epoch: 65	Time: 4.7936	Training Loss: 0.0207
Evaluation: 	Epoch: 65	Time: 2.0012	Dev acc: 69.83	Dev fscore(p/r/f): (81.02/72.99/76.80)
Training: 	Epoch: 66	Time: 5.2440	Training Loss: 0.0205
Evaluation: 	Epoch: 66	Time: 2.8829	Dev acc: 70.50	Dev fscore(p/r/f): (80.59/73.62/76.95)
Training: 	Epoch: 67	Time: 4.5872	Training Loss: 0.0203
Evaluation: 	Epoch: 67	Time: 3.3758	Dev acc: 70.73	Dev fscore(p/r/f): (80.75/73.93/77.19)
Training: 	Epoch: 68	Time: 4.5878	Training Loss: 0.0801
Evaluation: 	Epoch: 68	Time: 3.6694	Dev acc: 69.94	Dev fscore(p/r/f): (74.92/74.77/74.84)
Training: 	Epoch: 69	Time: 5.1369	Training Loss: 0.0685
Evaluation: 	Epoch: 69	Time: 2.7227	Dev acc: 67.04	Dev fscore(p/r/f): (80.17/69.97/74.72)
Training: 	Epoch: 70	Time: 4.6640	Training Loss: 0.0303
Evaluation: 	Epoch: 70	Time: 2.5193	Dev acc: 70.28	Dev fscore(p/r/f): (82.21/72.78/77.21)
Training: 	Epoch: 71	Time: 5.1189	Training Loss: 0.0231
Evaluation: 	Epoch: 71	Time: 3.8195	Dev acc: 70.84	Dev fscore(p/r/f): (81.43/73.62/77.33)
Training: 	Epoch: 72	Time: 5.2286	Training Loss: 0.0215
Evaluation: 	Epoch: 72	Time: 1.6124	Dev acc: 70.95	Dev fscore(p/r/f): (81.55/73.72/77.44)
Training: 	Epoch: 73	Time: 4.5467	Training Loss: 0.0203
Evaluation: 	Epoch: 73	Time: 3.9809	Dev acc: 70.61	Dev fscore(p/r/f): (81.60/73.51/77.35)
Training: 	Epoch: 74	Time: 5.1508	Training Loss: 0.0208
Evaluation: 	Epoch: 74	Time: 3.5823	Dev acc: 70.50	Dev fscore(p/r/f): (80.99/73.72/77.18)
Training: 	Epoch: 75	Time: 4.6091	Training Loss: 0.0206
Evaluation: 	Epoch: 75	Time: 3.5782	Dev acc: 70.73	Dev fscore(p/r/f): (81.18/73.31/77.04)
Training: 	Epoch: 76	Time: 5.1311	Training Loss: 0.0215
Evaluation: 	Epoch: 76	Time: 3.6558	Dev acc: 70.84	Dev fscore(p/r/f): (82.17/73.51/77.60)
Training: 	Epoch: 77	Time: 5.0460	Training Loss: 0.0202
Evaluation: 	Epoch: 77	Time: 2.1810	Dev acc: 70.84	Dev fscore(p/r/f): (81.49/73.93/77.53)
Training: 	Epoch: 78	Time: 4.6184	Training Loss: 0.0203
Evaluation: 	Epoch: 78	Time: 3.8487	Dev acc: 70.95	Dev fscore(p/r/f): (81.96/73.41/77.45)
Training: 	Epoch: 79	Time: 5.2292	Training Loss: 0.0201
Evaluation: 	Epoch: 79	Time: 3.3396	Dev acc: 70.84	Dev fscore(p/r/f): (81.50/73.51/77.30)
Training: 	Epoch: 80	Time: 4.4912	Training Loss: 0.0202
Evaluation: 	Epoch: 80	Time: 2.4937	Dev acc: 70.84	Dev fscore(p/r/f): (81.43/73.62/77.33)
Training: 	Epoch: 81	Time: 4.9225	Training Loss: 0.0205
Evaluation: 	Epoch: 81	Time: 3.5451	Dev acc: 71.06	Dev fscore(p/r/f): (81.90/73.62/77.54)
Training: 	Epoch: 82	Time: 4.8537	Training Loss: 0.0200
Evaluation: 	Epoch: 82	Time: 1.9027	Dev acc: 70.95	Dev fscore(p/r/f): (82.13/73.31/77.47)
Training: 	Epoch: 83	Time: 4.6850	Training Loss: 0.0199
Evaluation: 	Epoch: 83	Time: 2.2436	Dev acc: 70.95	Dev fscore(p/r/f): (81.34/73.20/77.06)
Training: 	Epoch: 84	Time: 4.9956	Training Loss: 0.0198
Evaluation: 	Epoch: 84	Time: 3.7267	Dev acc: 70.84	Dev fscore(p/r/f): (81.36/73.72/77.35)
Training: 	Epoch: 85	Time: 4.8031	Training Loss: 0.0201
Evaluation: 	Epoch: 85	Time: 3.2186	Dev acc: 71.06	Dev fscore(p/r/f): (81.24/73.62/77.24)
Training: 	Epoch: 86	Time: 4.9757	Training Loss: 0.0200
Evaluation: 	Epoch: 86	Time: 2.5609	Dev acc: 70.95	Dev fscore(p/r/f): (81.52/73.62/77.37)
Training: 	Epoch: 87	Time: 5.0099	Training Loss: 0.0199
Evaluation: 	Epoch: 87	Time: 2.3150	Dev acc: 70.84	Dev fscore(p/r/f): (82.13/73.83/77.76)
Training: 	Epoch: 88	Time: 4.7151	Training Loss: 0.0201
Evaluation: 	Epoch: 88	Time: 3.7898	Dev acc: 71.17	Dev fscore(p/r/f): (82.69/73.72/77.95)
Training: 	Epoch: 89	Time: 4.8206	Training Loss: 0.0199
Evaluation: 	Epoch: 89	Time: 3.0535	Dev acc: 70.95	Dev fscore(p/r/f): (82.02/73.72/77.65)
Training: 	Epoch: 90	Time: 4.6707	Training Loss: 0.0204
Evaluation: 	Epoch: 90	Time: 3.7587	Dev acc: 70.61	Dev fscore(p/r/f): (81.81/73.62/77.50)
Training: 	Epoch: 91	Time: 5.1416	Training Loss: 0.0217
Evaluation: 	Epoch: 91	Time: 3.5547	Dev acc: 70.50	Dev fscore(p/r/f): (80.87/73.62/77.07)
Training: 	Epoch: 92	Time: 4.3774	Training Loss: 0.0474
Evaluation: 	Epoch: 92	Time: 1.9977	Dev acc: 67.60	Dev fscore(p/r/f): (79.71/69.66/74.35)
Training: 	Epoch: 93	Time: 4.7214	Training Loss: 0.0451
Evaluation: 	Epoch: 93	Time: 3.6320	Dev acc: 66.82	Dev fscore(p/r/f): (79.45/69.76/74.29)
Training: 	Epoch: 94	Time: 5.1230	Training Loss: 0.0266
Evaluation: 	Epoch: 94	Time: 2.9652	Dev acc: 71.28	Dev fscore(p/r/f): (81.46/74.66/77.91)
Training: 	Epoch: 95	Time: 4.1679	Training Loss: 0.0232
Evaluation: 	Epoch: 95	Time: 3.5094	Dev acc: 72.18	Dev fscore(p/r/f): (81.40/75.29/78.22)
NEW BEST MODEL: 	Epoch: 95	Dev loss: 1.2833	Dev acc: 72.18	Dev fscore(p/r/f): (81.40/75.29/78.22)
Training: 	Epoch: 96	Time: 5.1558	Training Loss: 0.0210
Evaluation: 	Epoch: 96	Time: 3.6797	Dev acc: 70.39	Dev fscore(p/r/f): (81.23/73.10/76.95)
Training: 	Epoch: 97	Time: 5.0816	Training Loss: 0.0204
Evaluation: 	Epoch: 97	Time: 1.0636	Dev acc: 70.73	Dev fscore(p/r/f): (81.73/73.72/77.52)
Training: 	Epoch: 98	Time: 4.5038	Training Loss: 0.0200
Evaluation: 	Epoch: 98	Time: 3.7297	Dev acc: 70.28	Dev fscore(p/r/f): (81.63/73.20/77.19)
Training: 	Epoch: 99	Time: 5.1381	Training Loss: 0.0201
Evaluation: 	Epoch: 99	Time: 3.8035	Dev acc: 70.84	Dev fscore(p/r/f): (82.02/73.72/77.65)
FINAL BEST RESULT: 	Epoch: 95	Dev loss: 1.2833	Dev acc: 72.1788	Dev fscore(p/r/f): (81.3980/75.2868/78.2232)
