Use GPU with index 0
Initialization finished ...
Random seed is set to 999
Use GPU with index 0
Load dataset and database finished, cost 11.6165s ...
Dataset size: train -> 5119 ; dev -> 895
Total training steps: 16000
Start training ......
Training: 	Epoch: 0	Time: 3.8757	Training Loss: 0.8176
Evaluation: 	Epoch: 0	Time: 0.1640	Dev acc: 68.72	Dev fscore(p/r/f): (75.52/72.37/73.91)
NEW BEST MODEL: 	Epoch: 0	Dev loss: 0.5888	Dev acc: 68.72	Dev fscore(p/r/f): (75.52/72.37/73.91)
Training: 	Epoch: 1	Time: 3.0239	Training Loss: 0.4054
Evaluation: 	Epoch: 1	Time: 0.1681	Dev acc: 70.17	Dev fscore(p/r/f): (78.72/72.89/75.69)
NEW BEST MODEL: 	Epoch: 1	Dev loss: 0.5922	Dev acc: 70.17	Dev fscore(p/r/f): (78.72/72.89/75.69)
Training: 	Epoch: 2	Time: 2.8265	Training Loss: 0.3203
Evaluation: 	Epoch: 2	Time: 0.1515	Dev acc: 70.28	Dev fscore(p/r/f): (77.53/73.41/75.42)
NEW BEST MODEL: 	Epoch: 2	Dev loss: 0.5750	Dev acc: 70.28	Dev fscore(p/r/f): (77.53/73.41/75.42)
Training: 	Epoch: 3	Time: 2.7425	Training Loss: 0.2562
Evaluation: 	Epoch: 3	Time: 0.1520	Dev acc: 70.61	Dev fscore(p/r/f): (81.37/72.89/76.90)
NEW BEST MODEL: 	Epoch: 3	Dev loss: 0.6416	Dev acc: 70.61	Dev fscore(p/r/f): (81.37/72.89/76.90)
Training: 	Epoch: 4	Time: 2.7337	Training Loss: 0.2013
Evaluation: 	Epoch: 4	Time: 0.1547	Dev acc: 70.28	Dev fscore(p/r/f): (80.00/72.99/76.34)
Training: 	Epoch: 5	Time: 2.6957	Training Loss: 0.1495
Evaluation: 	Epoch: 5	Time: 0.1574	Dev acc: 70.17	Dev fscore(p/r/f): (81.72/73.20/77.23)
Training: 	Epoch: 6	Time: 2.7616	Training Loss: 0.1187
Evaluation: 	Epoch: 6	Time: 0.2088	Dev acc: 69.39	Dev fscore(p/r/f): (80.49/72.26/76.15)
Training: 	Epoch: 7	Time: 2.7205	Training Loss: 0.0940
Evaluation: 	Epoch: 7	Time: 0.1493	Dev acc: 69.83	Dev fscore(p/r/f): (81.93/73.31/77.38)
Training: 	Epoch: 8	Time: 2.7078	Training Loss: 0.0887
Evaluation: 	Epoch: 8	Time: 0.1585	Dev acc: 70.84	Dev fscore(p/r/f): (81.47/73.83/77.46)
NEW BEST MODEL: 	Epoch: 8	Dev loss: 0.8108	Dev acc: 70.84	Dev fscore(p/r/f): (81.47/73.83/77.46)
Training: 	Epoch: 9	Time: 2.7061	Training Loss: 0.0741
Evaluation: 	Epoch: 9	Time: 0.1520	Dev acc: 71.84	Dev fscore(p/r/f): (80.72/75.08/77.80)
NEW BEST MODEL: 	Epoch: 9	Dev loss: 0.8878	Dev acc: 71.84	Dev fscore(p/r/f): (80.72/75.08/77.80)
Training: 	Epoch: 10	Time: 2.7328	Training Loss: 0.0547
Evaluation: 	Epoch: 10	Time: 0.1496	Dev acc: 71.51	Dev fscore(p/r/f): (81.36/74.66/77.87)
Training: 	Epoch: 11	Time: 2.7943	Training Loss: 0.0495
Evaluation: 	Epoch: 11	Time: 0.1555	Dev acc: 69.39	Dev fscore(p/r/f): (80.34/72.89/76.44)
Training: 	Epoch: 12	Time: 2.7628	Training Loss: 0.0417
Evaluation: 	Epoch: 12	Time: 0.1529	Dev acc: 70.95	Dev fscore(p/r/f): (81.04/74.45/77.61)
Training: 	Epoch: 13	Time: 2.8599	Training Loss: 0.0363
Evaluation: 	Epoch: 13	Time: 0.1605	Dev acc: 69.72	Dev fscore(p/r/f): (79.93/73.51/76.59)
Training: 	Epoch: 14	Time: 2.8390	Training Loss: 0.0427
Evaluation: 	Epoch: 14	Time: 0.1615	Dev acc: 70.61	Dev fscore(p/r/f): (80.30/73.51/76.76)
Training: 	Epoch: 15	Time: 2.7662	Training Loss: 0.0410
Evaluation: 	Epoch: 15	Time: 0.1491	Dev acc: 67.04	Dev fscore(p/r/f): (78.97/70.07/74.25)
Training: 	Epoch: 16	Time: 2.6684	Training Loss: 0.0858
Evaluation: 	Epoch: 16	Time: 0.1541	Dev acc: 69.27	Dev fscore(p/r/f): (77.52/72.99/75.19)
Training: 	Epoch: 17	Time: 2.7669	Training Loss: 0.0575
Evaluation: 	Epoch: 17	Time: 0.1569	Dev acc: 70.50	Dev fscore(p/r/f): (79.82/73.83/76.71)
Training: 	Epoch: 18	Time: 2.7578	Training Loss: 0.0424
Evaluation: 	Epoch: 18	Time: 0.1476	Dev acc: 69.94	Dev fscore(p/r/f): (80.46/72.58/76.32)
Training: 	Epoch: 19	Time: 2.7087	Training Loss: 0.0302
Evaluation: 	Epoch: 19	Time: 0.1511	Dev acc: 71.51	Dev fscore(p/r/f): (80.77/74.04/77.26)
Training: 	Epoch: 20	Time: 2.7189	Training Loss: 0.0265
Evaluation: 	Epoch: 20	Time: 0.1510	Dev acc: 69.61	Dev fscore(p/r/f): (81.68/72.05/76.57)
Training: 	Epoch: 21	Time: 2.8814	Training Loss: 0.0256
Evaluation: 	Epoch: 21	Time: 0.1603	Dev acc: 70.73	Dev fscore(p/r/f): (81.10/73.83/77.29)
Training: 	Epoch: 22	Time: 2.7479	Training Loss: 0.0242
Evaluation: 	Epoch: 22	Time: 0.1636	Dev acc: 70.95	Dev fscore(p/r/f): (82.31/72.78/77.26)
Training: 	Epoch: 23	Time: 2.7061	Training Loss: 0.0251
Evaluation: 	Epoch: 23	Time: 0.1510	Dev acc: 71.06	Dev fscore(p/r/f): (81.61/74.04/77.64)
Training: 	Epoch: 24	Time: 2.6896	Training Loss: 0.0249
Evaluation: 	Epoch: 24	Time: 0.1491	Dev acc: 70.73	Dev fscore(p/r/f): (80.39/73.51/76.80)
Training: 	Epoch: 25	Time: 2.7824	Training Loss: 0.0239
Evaluation: 	Epoch: 25	Time: 0.1474	Dev acc: 71.06	Dev fscore(p/r/f): (81.22/73.51/77.18)
Training: 	Epoch: 26	Time: 2.7630	Training Loss: 0.0231
Evaluation: 	Epoch: 26	Time: 0.1584	Dev acc: 70.73	Dev fscore(p/r/f): (80.96/73.62/77.12)
Training: 	Epoch: 27	Time: 2.7421	Training Loss: 0.0231
Evaluation: 	Epoch: 27	Time: 0.1499	Dev acc: 70.84	Dev fscore(p/r/f): (80.27/73.83/76.91)
Training: 	Epoch: 28	Time: 2.7021	Training Loss: 0.0229
Evaluation: 	Epoch: 28	Time: 0.1988	Dev acc: 70.73	Dev fscore(p/r/f): (80.46/73.41/76.77)
Training: 	Epoch: 29	Time: 2.7049	Training Loss: 0.0237
Evaluation: 	Epoch: 29	Time: 0.1873	Dev acc: 70.39	Dev fscore(p/r/f): (79.91/72.99/76.29)
Training: 	Epoch: 30	Time: 2.7480	Training Loss: 0.0230
Evaluation: 	Epoch: 30	Time: 0.1465	Dev acc: 70.73	Dev fscore(p/r/f): (81.01/73.41/77.02)
Training: 	Epoch: 31	Time: 2.7438	Training Loss: 0.0229
Evaluation: 	Epoch: 31	Time: 0.1526	Dev acc: 70.73	Dev fscore(p/r/f): (80.30/73.51/76.76)
Training: 	Epoch: 32	Time: 2.7949	Training Loss: 0.0227
Evaluation: 	Epoch: 32	Time: 0.1854	Dev acc: 71.62	Dev fscore(p/r/f): (81.07/74.14/77.45)
Training: 	Epoch: 33	Time: 2.8708	Training Loss: 0.0229
Evaluation: 	Epoch: 33	Time: 0.1676	Dev acc: 70.28	Dev fscore(p/r/f): (80.16/72.89/76.35)
Training: 	Epoch: 34	Time: 2.7545	Training Loss: 0.0229
Evaluation: 	Epoch: 34	Time: 0.1487	Dev acc: 71.84	Dev fscore(p/r/f): (81.06/74.97/77.90)
Training: 	Epoch: 35	Time: 2.7825	Training Loss: 0.0231
Evaluation: 	Epoch: 35	Time: 0.1549	Dev acc: 71.28	Dev fscore(p/r/f): (79.89/74.14/76.91)
Training: 	Epoch: 36	Time: 2.8665	Training Loss: 0.0251
Evaluation: 	Epoch: 36	Time: 0.1827	Dev acc: 69.16	Dev fscore(p/r/f): (79.59/72.37/75.81)
Training: 	Epoch: 37	Time: 2.6875	Training Loss: 0.0717
Evaluation: 	Epoch: 37	Time: 0.1439	Dev acc: 69.05	Dev fscore(p/r/f): (78.23/71.95/74.96)
Training: 	Epoch: 38	Time: 2.6891	Training Loss: 0.1134
Evaluation: 	Epoch: 38	Time: 0.1566	Dev acc: 69.16	Dev fscore(p/r/f): (79.00/72.58/75.65)
Training: 	Epoch: 39	Time: 2.7381	Training Loss: 0.0455
Evaluation: 	Epoch: 39	Time: 0.1529	Dev acc: 70.84	Dev fscore(p/r/f): (81.24/73.62/77.24)
Training: 	Epoch: 40	Time: 2.8920	Training Loss: 0.0332
Evaluation: 	Epoch: 40	Time: 0.1795	Dev acc: 71.40	Dev fscore(p/r/f): (81.11/74.35/77.58)
Training: 	Epoch: 41	Time: 2.7165	Training Loss: 0.0276
Evaluation: 	Epoch: 41	Time: 0.1468	Dev acc: 71.17	Dev fscore(p/r/f): (81.75/74.24/77.81)
Training: 	Epoch: 42	Time: 2.6887	Training Loss: 0.0244
Evaluation: 	Epoch: 42	Time: 0.1686	Dev acc: 71.51	Dev fscore(p/r/f): (80.96/74.04/77.34)
Training: 	Epoch: 43	Time: 2.6860	Training Loss: 0.0230
Evaluation: 	Epoch: 43	Time: 0.1537	Dev acc: 71.51	Dev fscore(p/r/f): (81.54/74.14/77.66)
Training: 	Epoch: 44	Time: 2.6992	Training Loss: 0.0232
Evaluation: 	Epoch: 44	Time: 0.1538	Dev acc: 71.40	Dev fscore(p/r/f): (81.11/74.35/77.58)
Training: 	Epoch: 45	Time: 2.6763	Training Loss: 0.0224
Evaluation: 	Epoch: 45	Time: 0.1510	Dev acc: 71.84	Dev fscore(p/r/f): (82.30/74.66/78.29)
Training: 	Epoch: 46	Time: 2.8040	Training Loss: 0.0228
Evaluation: 	Epoch: 46	Time: 0.2030	Dev acc: 71.28	Dev fscore(p/r/f): (81.72/74.14/77.75)
Training: 	Epoch: 47	Time: 3.0968	Training Loss: 0.0237
Evaluation: 	Epoch: 47	Time: 0.1469	Dev acc: 71.73	Dev fscore(p/r/f): (81.20/74.77/77.85)
Training: 	Epoch: 48	Time: 2.8381	Training Loss: 0.0217
Evaluation: 	Epoch: 48	Time: 0.1463	Dev acc: 71.96	Dev fscore(p/r/f): (82.41/74.77/78.40)
NEW BEST MODEL: 	Epoch: 48	Dev loss: 1.2465	Dev acc: 71.96	Dev fscore(p/r/f): (82.41/74.77/78.40)
Training: 	Epoch: 49	Time: 2.7372	Training Loss: 0.0213
Evaluation: 	Epoch: 49	Time: 0.1570	Dev acc: 67.37	Dev fscore(p/r/f): (79.58/71.53/75.34)
Training: 	Epoch: 50	Time: 2.8082	Training Loss: 0.0224
Evaluation: 	Epoch: 50	Time: 0.1489	Dev acc: 72.18	Dev fscore(p/r/f): (82.27/74.97/78.45)
NEW BEST MODEL: 	Epoch: 50	Dev loss: 1.2866	Dev acc: 72.18	Dev fscore(p/r/f): (82.27/74.97/78.45)
Training: 	Epoch: 51	Time: 2.7512	Training Loss: 0.0217
Evaluation: 	Epoch: 51	Time: 0.1492	Dev acc: 70.95	Dev fscore(p/r/f): (82.31/73.72/77.78)
Training: 	Epoch: 52	Time: 2.7566	Training Loss: 0.0221
Evaluation: 	Epoch: 52	Time: 0.1561	Dev acc: 71.84	Dev fscore(p/r/f): (82.18/74.56/78.18)
Training: 	Epoch: 53	Time: 2.7302	Training Loss: 0.0222
Evaluation: 	Epoch: 53	Time: 0.1627	Dev acc: 71.73	Dev fscore(p/r/f): (81.86/74.35/77.92)
Training: 	Epoch: 54	Time: 2.7147	Training Loss: 0.0233
Evaluation: 	Epoch: 54	Time: 0.1592	Dev acc: 71.62	Dev fscore(p/r/f): (82.50/74.24/78.16)
Training: 	Epoch: 55	Time: 2.6634	Training Loss: 0.0219
Evaluation: 	Epoch: 55	Time: 0.2060	Dev acc: 71.62	Dev fscore(p/r/f): (81.74/74.66/78.04)
Training: 	Epoch: 56	Time: 2.8298	Training Loss: 0.0217
Evaluation: 	Epoch: 56	Time: 0.1598	Dev acc: 71.28	Dev fscore(p/r/f): (83.04/74.04/78.28)
Training: 	Epoch: 57	Time: 2.7118	Training Loss: 0.0213
Evaluation: 	Epoch: 57	Time: 0.1744	Dev acc: 71.96	Dev fscore(p/r/f): (81.50/74.87/78.04)
Training: 	Epoch: 58	Time: 2.7544	Training Loss: 0.0217
Evaluation: 	Epoch: 58	Time: 0.1647	Dev acc: 71.73	Dev fscore(p/r/f): (82.81/74.35/78.35)
Training: 	Epoch: 59	Time: 2.8568	Training Loss: 0.0225
Evaluation: 	Epoch: 59	Time: 0.1534	Dev acc: 71.62	Dev fscore(p/r/f): (81.95/74.35/77.97)
Training: 	Epoch: 60	Time: 2.7848	Training Loss: 0.0222
Evaluation: 	Epoch: 60	Time: 0.1534	Dev acc: 71.28	Dev fscore(p/r/f): (82.62/74.35/78.27)
Training: 	Epoch: 61	Time: 2.7019	Training Loss: 0.0235
Evaluation: 	Epoch: 61	Time: 0.1509	Dev acc: 71.06	Dev fscore(p/r/f): (81.99/74.04/77.81)
Training: 	Epoch: 62	Time: 2.7169	Training Loss: 0.0226
Evaluation: 	Epoch: 62	Time: 0.1617	Dev acc: 71.84	Dev fscore(p/r/f): (81.41/74.45/77.78)
Training: 	Epoch: 63	Time: 2.7310	Training Loss: 0.0220
Evaluation: 	Epoch: 63	Time: 0.1667	Dev acc: 71.62	Dev fscore(p/r/f): (81.86/74.35/77.92)
Training: 	Epoch: 64	Time: 2.9609	Training Loss: 0.0223
Evaluation: 	Epoch: 64	Time: 0.1536	Dev acc: 71.51	Dev fscore(p/r/f): (81.32/74.45/77.74)
Training: 	Epoch: 65	Time: 2.7686	Training Loss: 0.0587
Evaluation: 	Epoch: 65	Time: 0.1439	Dev acc: 68.49	Dev fscore(p/r/f): (79.35/71.32/75.12)
Training: 	Epoch: 66	Time: 2.8273	Training Loss: 0.1114
Evaluation: 	Epoch: 66	Time: 0.1630	Dev acc: 67.60	Dev fscore(p/r/f): (76.06/70.91/73.39)
Training: 	Epoch: 67	Time: 2.8202	Training Loss: 0.0404
Evaluation: 	Epoch: 67	Time: 0.1472	Dev acc: 70.17	Dev fscore(p/r/f): (81.40/72.58/76.74)
Training: 	Epoch: 68	Time: 2.7101	Training Loss: 0.0276
Evaluation: 	Epoch: 68	Time: 0.1502	Dev acc: 70.95	Dev fscore(p/r/f): (82.25/73.93/77.87)
Training: 	Epoch: 69	Time: 2.8130	Training Loss: 0.0226
Evaluation: 	Epoch: 69	Time: 0.1520	Dev acc: 70.84	Dev fscore(p/r/f): (82.56/74.04/78.06)
Training: 	Epoch: 70	Time: 2.8784	Training Loss: 0.0224
Evaluation: 	Epoch: 70	Time: 0.1653	Dev acc: 70.84	Dev fscore(p/r/f): (82.44/73.93/77.95)
Training: 	Epoch: 71	Time: 2.6708	Training Loss: 0.0219
Evaluation: 	Epoch: 71	Time: 0.1502	Dev acc: 70.17	Dev fscore(p/r/f): (81.75/72.89/77.07)
Training: 	Epoch: 72	Time: 2.8167	Training Loss: 0.0225
Evaluation: 	Epoch: 72	Time: 0.1545	Dev acc: 70.61	Dev fscore(p/r/f): (82.44/73.41/77.66)
Training: 	Epoch: 73	Time: 2.7621	Training Loss: 0.0208
Evaluation: 	Epoch: 73	Time: 0.1543	Dev acc: 70.61	Dev fscore(p/r/f): (82.19/73.62/77.67)
Training: 	Epoch: 74	Time: 2.7387	Training Loss: 0.0213
Evaluation: 	Epoch: 74	Time: 0.1485	Dev acc: 70.61	Dev fscore(p/r/f): (82.06/73.93/77.78)
Training: 	Epoch: 75	Time: 2.7493	Training Loss: 0.0216
Evaluation: 	Epoch: 75	Time: 0.1469	Dev acc: 69.94	Dev fscore(p/r/f): (81.28/72.89/76.86)
Training: 	Epoch: 76	Time: 2.7063	Training Loss: 0.0226
Evaluation: 	Epoch: 76	Time: 0.1559	Dev acc: 70.17	Dev fscore(p/r/f): (81.63/73.20/77.19)
Training: 	Epoch: 77	Time: 2.7136	Training Loss: 0.0215
Evaluation: 	Epoch: 77	Time: 0.1550	Dev acc: 70.50	Dev fscore(p/r/f): (81.81/73.62/77.50)
Training: 	Epoch: 78	Time: 2.6818	Training Loss: 0.0210
Evaluation: 	Epoch: 78	Time: 0.1484	Dev acc: 70.06	Dev fscore(p/r/f): (81.73/72.78/77.00)
Training: 	Epoch: 79	Time: 2.8728	Training Loss: 0.0213
Evaluation: 	Epoch: 79	Time: 0.1542	Dev acc: 70.39	Dev fscore(p/r/f): (82.13/73.31/77.47)
Training: 	Epoch: 80	Time: 2.7919	Training Loss: 0.0220
Evaluation: 	Epoch: 80	Time: 0.1585	Dev acc: 70.61	Dev fscore(p/r/f): (82.27/74.04/77.94)
Training: 	Epoch: 81	Time: 2.6846	Training Loss: 0.0214
Evaluation: 	Epoch: 81	Time: 0.1517	Dev acc: 70.61	Dev fscore(p/r/f): (82.34/73.41/77.62)
Training: 	Epoch: 82	Time: 2.7813	Training Loss: 0.0218
Evaluation: 	Epoch: 82	Time: 0.1630	Dev acc: 70.06	Dev fscore(p/r/f): (81.81/72.68/76.97)
Training: 	Epoch: 83	Time: 2.8503	Training Loss: 0.0216
Evaluation: 	Epoch: 83	Time: 0.1621	Dev acc: 70.50	Dev fscore(p/r/f): (82.06/72.99/77.26)
Training: 	Epoch: 84	Time: 2.8058	Training Loss: 0.0209
Evaluation: 	Epoch: 84	Time: 0.1458	Dev acc: 70.61	Dev fscore(p/r/f): (81.73/73.72/77.52)
Training: 	Epoch: 85	Time: 2.7575	Training Loss: 0.0213
Evaluation: 	Epoch: 85	Time: 0.1534	Dev acc: 70.61	Dev fscore(p/r/f): (82.21/73.72/77.74)
Training: 	Epoch: 86	Time: 2.6651	Training Loss: 0.0211
Evaluation: 	Epoch: 86	Time: 0.2079	Dev acc: 70.95	Dev fscore(p/r/f): (81.93/74.24/77.90)
Training: 	Epoch: 87	Time: 2.7287	Training Loss: 0.0212
Evaluation: 	Epoch: 87	Time: 0.1499	Dev acc: 70.73	Dev fscore(p/r/f): (82.00/73.62/77.58)
Training: 	Epoch: 88	Time: 2.6864	Training Loss: 0.0209
Evaluation: 	Epoch: 88	Time: 0.1924	Dev acc: 70.06	Dev fscore(p/r/f): (81.85/72.89/77.11)
Training: 	Epoch: 89	Time: 2.7046	Training Loss: 0.0214
Evaluation: 	Epoch: 89	Time: 0.1486	Dev acc: 70.95	Dev fscore(p/r/f): (82.44/73.93/77.95)
Training: 	Epoch: 90	Time: 2.8308	Training Loss: 0.0217
Evaluation: 	Epoch: 90	Time: 0.1622	Dev acc: 70.61	Dev fscore(p/r/f): (82.19/73.62/77.67)
Training: 	Epoch: 91	Time: 2.7075	Training Loss: 0.0214
Evaluation: 	Epoch: 91	Time: 0.1495	Dev acc: 70.73	Dev fscore(p/r/f): (81.31/73.93/77.44)
Training: 	Epoch: 92	Time: 2.8644	Training Loss: 0.0205
Evaluation: 	Epoch: 92	Time: 0.1494	Dev acc: 70.95	Dev fscore(p/r/f): (81.93/74.24/77.90)
Training: 	Epoch: 93	Time: 2.7310	Training Loss: 0.0216
Evaluation: 	Epoch: 93	Time: 0.1506	Dev acc: 70.39	Dev fscore(p/r/f): (82.17/73.51/77.60)
Training: 	Epoch: 94	Time: 2.7201	Training Loss: 0.0217
Evaluation: 	Epoch: 94	Time: 0.1500	Dev acc: 70.50	Dev fscore(p/r/f): (82.61/73.83/77.97)
Training: 	Epoch: 95	Time: 2.7014	Training Loss: 0.0225
Evaluation: 	Epoch: 95	Time: 0.1516	Dev acc: 70.06	Dev fscore(p/r/f): (81.99/73.10/77.29)
Training: 	Epoch: 96	Time: 2.7314	Training Loss: 0.0210
Evaluation: 	Epoch: 96	Time: 0.1523	Dev acc: 70.84	Dev fscore(p/r/f): (81.58/73.41/77.28)
Training: 	Epoch: 97	Time: 2.8127	Training Loss: 0.0209
Evaluation: 	Epoch: 97	Time: 0.1524	Dev acc: 70.73	Dev fscore(p/r/f): (82.13/73.83/77.76)
Training: 	Epoch: 98	Time: 2.7441	Training Loss: 0.0211
Evaluation: 	Epoch: 98	Time: 0.1469	Dev acc: 70.95	Dev fscore(p/r/f): (82.20/74.14/77.96)
Training: 	Epoch: 99	Time: 2.7569	Training Loss: 0.0213
Evaluation: 	Epoch: 99	Time: 0.1528	Dev acc: 70.39	Dev fscore(p/r/f): (81.72/73.20/77.23)
FINAL BEST RESULT: 	Epoch: 50	Dev loss: 1.2866	Dev acc: 72.1788	Dev fscore(p/r/f): (82.2654/74.9739/78.4506)
