Use GPU with index 0
Initialization finished ...
Random seed is set to 999
Use GPU with index 0
Load dataset and database finished, cost 11.5797s ...
Dataset size: train -> 5119 ; dev -> 895
Total training steps: 16000
Start training ......
Training: 	Epoch: 0	Time: 3.4521	Training Loss: 0.7672
Evaluation: 	Epoch: 0	Time: 0.1743	Dev acc: 69.16	Dev fscore(p/r/f): (73.80/72.26/73.02)
NEW BEST MODEL: 	Epoch: 0	Dev loss: 0.5408	Dev acc: 69.16	Dev fscore(p/r/f): (73.80/72.26/73.02)
Training: 	Epoch: 1	Time: 2.6688	Training Loss: 0.4404
Evaluation: 	Epoch: 1	Time: 0.1747	Dev acc: 70.50	Dev fscore(p/r/f): (75.57/72.26/73.88)
NEW BEST MODEL: 	Epoch: 1	Dev loss: 0.5732	Dev acc: 70.50	Dev fscore(p/r/f): (75.57/72.26/73.88)
Training: 	Epoch: 2	Time: 2.7036	Training Loss: 0.3815
Evaluation: 	Epoch: 2	Time: 0.1716	Dev acc: 70.17	Dev fscore(p/r/f): (74.29/73.83/74.06)
Training: 	Epoch: 3	Time: 2.6094	Training Loss: 0.3594
Evaluation: 	Epoch: 3	Time: 0.1744	Dev acc: 68.16	Dev fscore(p/r/f): (77.11/71.32/74.11)
Training: 	Epoch: 4	Time: 2.5859	Training Loss: 0.3168
Evaluation: 	Epoch: 4	Time: 0.1701	Dev acc: 68.16	Dev fscore(p/r/f): (74.64/70.28/72.40)
Training: 	Epoch: 5	Time: 2.7308	Training Loss: 0.2770
Evaluation: 	Epoch: 5	Time: 0.1723	Dev acc: 66.82	Dev fscore(p/r/f): (77.41/68.61/72.75)
Training: 	Epoch: 6	Time: 2.6174	Training Loss: 0.2432
Evaluation: 	Epoch: 6	Time: 0.1737	Dev acc: 68.72	Dev fscore(p/r/f): (75.25/71.64/73.40)
Training: 	Epoch: 7	Time: 2.7016	Training Loss: 0.2208
Evaluation: 	Epoch: 7	Time: 0.1824	Dev acc: 68.49	Dev fscore(p/r/f): (77.89/70.91/74.24)
Training: 	Epoch: 8	Time: 2.6093	Training Loss: 0.1893
Evaluation: 	Epoch: 8	Time: 0.1742	Dev acc: 70.73	Dev fscore(p/r/f): (79.19/73.41/76.19)
NEW BEST MODEL: 	Epoch: 8	Dev loss: 0.6441	Dev acc: 70.73	Dev fscore(p/r/f): (79.19/73.41/76.19)
Training: 	Epoch: 9	Time: 2.6416	Training Loss: 0.1705
Evaluation: 	Epoch: 9	Time: 0.1682	Dev acc: 69.72	Dev fscore(p/r/f): (79.88/71.22/75.30)
Training: 	Epoch: 10	Time: 2.6377	Training Loss: 0.1703
Evaluation: 	Epoch: 10	Time: 0.1708	Dev acc: 63.46	Dev fscore(p/r/f): (74.35/65.28/69.52)
Training: 	Epoch: 11	Time: 2.6678	Training Loss: 0.1663
Evaluation: 	Epoch: 11	Time: 0.1846	Dev acc: 69.72	Dev fscore(p/r/f): (77.65/71.74/74.58)
Training: 	Epoch: 12	Time: 2.8651	Training Loss: 0.1492
Evaluation: 	Epoch: 12	Time: 0.1781	Dev acc: 69.05	Dev fscore(p/r/f): (77.82/72.05/74.82)
Training: 	Epoch: 13	Time: 2.6812	Training Loss: 0.1154
Evaluation: 	Epoch: 13	Time: 0.1703	Dev acc: 70.61	Dev fscore(p/r/f): (77.36/74.45/75.88)
Training: 	Epoch: 14	Time: 2.6155	Training Loss: 0.0836
Evaluation: 	Epoch: 14	Time: 0.1710	Dev acc: 68.16	Dev fscore(p/r/f): (78.50/70.80/74.45)
Training: 	Epoch: 15	Time: 2.6308	Training Loss: 0.0869
Evaluation: 	Epoch: 15	Time: 0.1685	Dev acc: 63.80	Dev fscore(p/r/f): (71.37/67.05/69.14)
Training: 	Epoch: 16	Time: 2.6702	Training Loss: 0.1568
Evaluation: 	Epoch: 16	Time: 0.1714	Dev acc: 70.73	Dev fscore(p/r/f): (75.88/73.83/74.84)
Training: 	Epoch: 17	Time: 2.7512	Training Loss: 0.0843
Evaluation: 	Epoch: 17	Time: 0.1846	Dev acc: 69.61	Dev fscore(p/r/f): (78.45/72.89/75.57)
Training: 	Epoch: 18	Time: 2.6652	Training Loss: 0.0824
Evaluation: 	Epoch: 18	Time: 0.1999	Dev acc: 64.58	Dev fscore(p/r/f): (77.19/67.05/71.76)
Training: 	Epoch: 19	Time: 2.6052	Training Loss: 0.0869
Evaluation: 	Epoch: 19	Time: 0.1715	Dev acc: 65.92	Dev fscore(p/r/f): (77.76/68.93/73.08)
Training: 	Epoch: 20	Time: 2.7158	Training Loss: 0.0562
Evaluation: 	Epoch: 20	Time: 0.1706	Dev acc: 67.82	Dev fscore(p/r/f): (77.77/71.12/74.29)
Training: 	Epoch: 21	Time: 2.7663	Training Loss: 0.0476
Evaluation: 	Epoch: 21	Time: 0.1796	Dev acc: 69.83	Dev fscore(p/r/f): (78.72/72.89/75.69)
Training: 	Epoch: 22	Time: 2.6534	Training Loss: 0.0507
Evaluation: 	Epoch: 22	Time: 0.1704	Dev acc: 63.91	Dev fscore(p/r/f): (79.09/65.07/71.40)
Training: 	Epoch: 23	Time: 2.6083	Training Loss: 0.0443
Evaluation: 	Epoch: 23	Time: 0.1716	Dev acc: 69.61	Dev fscore(p/r/f): (79.93/72.68/76.13)
Training: 	Epoch: 24	Time: 2.6149	Training Loss: 0.0309
Evaluation: 	Epoch: 24	Time: 0.1709	Dev acc: 69.50	Dev fscore(p/r/f): (79.45/72.58/75.86)
Training: 	Epoch: 25	Time: 2.5962	Training Loss: 0.0285
Evaluation: 	Epoch: 25	Time: 0.1673	Dev acc: 68.72	Dev fscore(p/r/f): (79.01/71.43/75.03)
Training: 	Epoch: 26	Time: 2.6549	Training Loss: 0.0257
Evaluation: 	Epoch: 26	Time: 0.1658	Dev acc: 67.93	Dev fscore(p/r/f): (78.96/71.22/74.89)
Training: 	Epoch: 27	Time: 2.6060	Training Loss: 0.0256
Evaluation: 	Epoch: 27	Time: 0.1676	Dev acc: 68.94	Dev fscore(p/r/f): (78.61/72.05/75.19)
Training: 	Epoch: 28	Time: 2.6966	Training Loss: 0.0266
Evaluation: 	Epoch: 28	Time: 0.1771	Dev acc: 68.38	Dev fscore(p/r/f): (77.83/71.74/74.66)
Training: 	Epoch: 29	Time: 2.6921	Training Loss: 0.0272
Evaluation: 	Epoch: 29	Time: 0.1769	Dev acc: 68.94	Dev fscore(p/r/f): (79.31/71.95/75.45)
Training: 	Epoch: 30	Time: 2.6145	Training Loss: 0.0267
Evaluation: 	Epoch: 30	Time: 0.1705	Dev acc: 68.16	Dev fscore(p/r/f): (78.76/71.53/74.97)
Training: 	Epoch: 31	Time: 2.6279	Training Loss: 0.0266
Evaluation: 	Epoch: 31	Time: 0.1662	Dev acc: 68.38	Dev fscore(p/r/f): (78.05/71.95/74.88)
Training: 	Epoch: 32	Time: 2.5906	Training Loss: 0.0241
Evaluation: 	Epoch: 32	Time: 0.1777	Dev acc: 68.60	Dev fscore(p/r/f): (78.16/71.64/74.76)
Training: 	Epoch: 33	Time: 2.6382	Training Loss: 0.0260
Evaluation: 	Epoch: 33	Time: 0.1948	Dev acc: 67.82	Dev fscore(p/r/f): (78.56/69.55/73.78)
Training: 	Epoch: 34	Time: 2.6222	Training Loss: 0.0263
Evaluation: 	Epoch: 34	Time: 0.1794	Dev acc: 67.26	Dev fscore(p/r/f): (76.99/70.49/73.60)
Training: 	Epoch: 35	Time: 2.7480	Training Loss: 0.0318
Evaluation: 	Epoch: 35	Time: 0.1733	Dev acc: 71.06	Dev fscore(p/r/f): (77.08/74.35/75.69)
NEW BEST MODEL: 	Epoch: 35	Dev loss: 1.3469	Dev acc: 71.06	Dev fscore(p/r/f): (77.08/74.35/75.69)
Training: 	Epoch: 36	Time: 2.6046	Training Loss: 0.2496
Evaluation: 	Epoch: 36	Time: 0.1716	Dev acc: 67.15	Dev fscore(p/r/f): (74.26/70.39/72.27)
Training: 	Epoch: 37	Time: 2.5938	Training Loss: 0.1455
Evaluation: 	Epoch: 37	Time: 0.1717	Dev acc: 66.93	Dev fscore(p/r/f): (76.82/69.45/72.95)
Training: 	Epoch: 38	Time: 2.5410	Training Loss: 0.0707
Evaluation: 	Epoch: 38	Time: 0.1893	Dev acc: 69.05	Dev fscore(p/r/f): (78.97/70.49/74.49)
Training: 	Epoch: 39	Time: 2.5698	Training Loss: 0.0550
Evaluation: 	Epoch: 39	Time: 0.1686	Dev acc: 70.06	Dev fscore(p/r/f): (79.08/73.31/76.08)
Training: 	Epoch: 40	Time: 2.8173	Training Loss: 0.0425
Evaluation: 	Epoch: 40	Time: 0.1663	Dev acc: 67.04	Dev fscore(p/r/f): (76.10/70.07/72.96)
Training: 	Epoch: 41	Time: 2.6011	Training Loss: 0.0327
Evaluation: 	Epoch: 41	Time: 0.1679	Dev acc: 68.27	Dev fscore(p/r/f): (78.57/71.12/74.66)
Training: 	Epoch: 42	Time: 2.5940	Training Loss: 0.0272
Evaluation: 	Epoch: 42	Time: 0.1842	Dev acc: 68.49	Dev fscore(p/r/f): (78.69/71.64/75.00)
Training: 	Epoch: 43	Time: 2.6931	Training Loss: 0.0275
Evaluation: 	Epoch: 43	Time: 0.1777	Dev acc: 68.72	Dev fscore(p/r/f): (78.45/71.74/74.95)
Training: 	Epoch: 44	Time: 2.6553	Training Loss: 0.0269
Evaluation: 	Epoch: 44	Time: 0.1788	Dev acc: 68.49	Dev fscore(p/r/f): (78.21/71.85/74.89)
Training: 	Epoch: 45	Time: 2.6529	Training Loss: 0.0263
Evaluation: 	Epoch: 45	Time: 0.2127	Dev acc: 69.05	Dev fscore(p/r/f): (78.82/72.16/75.34)
Training: 	Epoch: 46	Time: 2.6405	Training Loss: 0.0261
Evaluation: 	Epoch: 46	Time: 0.1682	Dev acc: 69.27	Dev fscore(p/r/f): (78.26/72.05/75.03)
Training: 	Epoch: 47	Time: 2.6474	Training Loss: 0.0270
Evaluation: 	Epoch: 47	Time: 0.1768	Dev acc: 68.72	Dev fscore(p/r/f): (78.68/71.95/75.16)
Training: 	Epoch: 48	Time: 2.5864	Training Loss: 0.0241
Evaluation: 	Epoch: 48	Time: 0.1706	Dev acc: 69.16	Dev fscore(p/r/f): (79.29/72.26/75.61)
Training: 	Epoch: 49	Time: 2.6170	Training Loss: 0.0242
Evaluation: 	Epoch: 49	Time: 0.1879	Dev acc: 63.80	Dev fscore(p/r/f): (75.38/67.99/71.49)
Training: 	Epoch: 50	Time: 2.6226	Training Loss: 0.0253
Evaluation: 	Epoch: 50	Time: 0.1719	Dev acc: 68.38	Dev fscore(p/r/f): (78.49/71.53/74.85)
Training: 	Epoch: 51	Time: 2.6083	Training Loss: 0.0238
Evaluation: 	Epoch: 51	Time: 0.1781	Dev acc: 68.83	Dev fscore(p/r/f): (79.58/71.12/75.11)
Training: 	Epoch: 52	Time: 2.6743	Training Loss: 0.0228
Evaluation: 	Epoch: 52	Time: 0.1736	Dev acc: 69.05	Dev fscore(p/r/f): (78.79/72.05/75.27)
Training: 	Epoch: 53	Time: 2.6152	Training Loss: 0.0247
Evaluation: 	Epoch: 53	Time: 0.1699	Dev acc: 68.83	Dev fscore(p/r/f): (78.38/71.85/74.97)
Training: 	Epoch: 54	Time: 2.6651	Training Loss: 0.0251
Evaluation: 	Epoch: 54	Time: 0.1718	Dev acc: 68.72	Dev fscore(p/r/f): (78.92/71.85/75.22)
Training: 	Epoch: 55	Time: 2.6173	Training Loss: 0.0249
Evaluation: 	Epoch: 55	Time: 0.1698	Dev acc: 69.05	Dev fscore(p/r/f): (78.47/71.85/75.01)
Training: 	Epoch: 56	Time: 2.6780	Training Loss: 0.0245
Evaluation: 	Epoch: 56	Time: 0.1695	Dev acc: 68.83	Dev fscore(p/r/f): (80.42/71.95/75.95)
Training: 	Epoch: 57	Time: 2.7295	Training Loss: 0.0237
Evaluation: 	Epoch: 57	Time: 0.1726	Dev acc: 68.60	Dev fscore(p/r/f): (78.10/71.01/74.39)
Training: 	Epoch: 58	Time: 2.6628	Training Loss: 0.0238
Evaluation: 	Epoch: 58	Time: 0.1701	Dev acc: 69.50	Dev fscore(p/r/f): (79.05/72.78/75.79)
Training: 	Epoch: 59	Time: 2.6278	Training Loss: 0.0594
Evaluation: 	Epoch: 59	Time: 0.1789	Dev acc: 61.79	Dev fscore(p/r/f): (65.89/61.84/63.80)
Training: 	Epoch: 60	Time: 2.6137	Training Loss: 0.2993
Evaluation: 	Epoch: 60	Time: 0.1690	Dev acc: 70.17	Dev fscore(p/r/f): (74.35/74.35/74.35)
Training: 	Epoch: 61	Time: 2.6588	Training Loss: 0.1363
Evaluation: 	Epoch: 61	Time: 0.1724	Dev acc: 65.25	Dev fscore(p/r/f): (73.04/68.09/70.48)
Training: 	Epoch: 62	Time: 2.6667	Training Loss: 0.0952
Evaluation: 	Epoch: 62	Time: 0.1846	Dev acc: 70.17	Dev fscore(p/r/f): (77.38/72.78/75.01)
Training: 	Epoch: 63	Time: 2.6102	Training Loss: 0.0733
Evaluation: 	Epoch: 63	Time: 0.1771	Dev acc: 63.80	Dev fscore(p/r/f): (74.33/66.11/69.98)
Training: 	Epoch: 64	Time: 2.6845	Training Loss: 0.0514
Evaluation: 	Epoch: 64	Time: 0.1724	Dev acc: 68.72	Dev fscore(p/r/f): (77.25/71.53/74.28)
Training: 	Epoch: 65	Time: 2.7462	Training Loss: 0.0399
Evaluation: 	Epoch: 65	Time: 0.1707	Dev acc: 69.50	Dev fscore(p/r/f): (78.22/72.26/75.12)
Training: 	Epoch: 66	Time: 2.6634	Training Loss: 0.0309
Evaluation: 	Epoch: 66	Time: 0.1679	Dev acc: 69.27	Dev fscore(p/r/f): (78.63/71.74/75.03)
Training: 	Epoch: 67	Time: 2.6741	Training Loss: 0.0253
Evaluation: 	Epoch: 67	Time: 0.1949	Dev acc: 69.61	Dev fscore(p/r/f): (79.43/72.05/75.56)
Training: 	Epoch: 68	Time: 2.6313	Training Loss: 0.0266
Evaluation: 	Epoch: 68	Time: 0.1706	Dev acc: 69.61	Dev fscore(p/r/f): (79.20/72.26/75.57)
Training: 	Epoch: 69	Time: 2.6006	Training Loss: 0.0244
Evaluation: 	Epoch: 69	Time: 0.1667	Dev acc: 70.06	Dev fscore(p/r/f): (79.23/72.78/75.87)
Training: 	Epoch: 70	Time: 2.6027	Training Loss: 0.0242
Evaluation: 	Epoch: 70	Time: 0.1755	Dev acc: 69.05	Dev fscore(p/r/f): (78.92/71.85/75.22)
Training: 	Epoch: 71	Time: 2.6525	Training Loss: 0.0249
Evaluation: 	Epoch: 71	Time: 0.1889	Dev acc: 69.27	Dev fscore(p/r/f): (79.13/72.37/75.60)
Training: 	Epoch: 72	Time: 2.6595	Training Loss: 0.0250
Evaluation: 	Epoch: 72	Time: 0.1681	Dev acc: 69.72	Dev fscore(p/r/f): (79.59/72.37/75.81)
Training: 	Epoch: 73	Time: 2.6283	Training Loss: 0.0236
Evaluation: 	Epoch: 73	Time: 0.1698	Dev acc: 64.58	Dev fscore(p/r/f): (75.48/69.34/72.28)
Training: 	Epoch: 74	Time: 2.6366	Training Loss: 0.0242
Evaluation: 	Epoch: 74	Time: 0.1683	Dev acc: 69.39	Dev fscore(p/r/f): (79.11/72.26/75.53)
Training: 	Epoch: 75	Time: 2.6251	Training Loss: 0.0240
Evaluation: 	Epoch: 75	Time: 0.1708	Dev acc: 68.83	Dev fscore(p/r/f): (79.01/71.85/75.26)
Training: 	Epoch: 76	Time: 2.5854	Training Loss: 0.0249
Evaluation: 	Epoch: 76	Time: 0.1705	Dev acc: 68.94	Dev fscore(p/r/f): (78.90/71.74/75.15)
Training: 	Epoch: 77	Time: 2.5952	Training Loss: 0.0238
Evaluation: 	Epoch: 77	Time: 0.1692	Dev acc: 70.06	Dev fscore(p/r/f): (79.61/72.89/76.10)
Training: 	Epoch: 78	Time: 2.6729	Training Loss: 0.0236
Evaluation: 	Epoch: 78	Time: 0.1751	Dev acc: 68.27	Dev fscore(p/r/f): (78.72/70.59/74.44)
Training: 	Epoch: 79	Time: 2.6566	Training Loss: 0.0244
Evaluation: 	Epoch: 79	Time: 0.1818	Dev acc: 68.94	Dev fscore(p/r/f): (79.22/71.95/75.41)
Training: 	Epoch: 80	Time: 2.6466	Training Loss: 0.0247
Evaluation: 	Epoch: 80	Time: 0.1708	Dev acc: 69.16	Dev fscore(p/r/f): (79.02/72.26/75.49)
Training: 	Epoch: 81	Time: 2.5934	Training Loss: 0.0245
Evaluation: 	Epoch: 81	Time: 0.1694	Dev acc: 68.60	Dev fscore(p/r/f): (78.55/71.01/74.59)
Training: 	Epoch: 82	Time: 2.6436	Training Loss: 0.0248
Evaluation: 	Epoch: 82	Time: 0.1728	Dev acc: 69.05	Dev fscore(p/r/f): (79.12/71.53/75.14)
Training: 	Epoch: 83	Time: 2.5722	Training Loss: 0.0243
Evaluation: 	Epoch: 83	Time: 0.1682	Dev acc: 68.16	Dev fscore(p/r/f): (78.65/70.70/74.46)
Training: 	Epoch: 84	Time: 2.5635	Training Loss: 0.0230
Evaluation: 	Epoch: 84	Time: 0.1678	Dev acc: 68.83	Dev fscore(p/r/f): (79.22/71.95/75.41)
Training: 	Epoch: 85	Time: 2.6346	Training Loss: 0.0239
Evaluation: 	Epoch: 85	Time: 0.1691	Dev acc: 68.72	Dev fscore(p/r/f): (78.83/71.85/75.18)
Training: 	Epoch: 86	Time: 2.6885	Training Loss: 0.0249
Evaluation: 	Epoch: 86	Time: 0.1698	Dev acc: 69.83	Dev fscore(p/r/f): (78.99/73.31/76.04)
Training: 	Epoch: 87	Time: 2.6002	Training Loss: 0.0239
Evaluation: 	Epoch: 87	Time: 0.1640	Dev acc: 69.39	Dev fscore(p/r/f): (79.54/72.16/75.67)
Training: 	Epoch: 88	Time: 2.6825	Training Loss: 0.0241
Evaluation: 	Epoch: 88	Time: 0.1787	Dev acc: 68.94	Dev fscore(p/r/f): (79.04/71.95/75.33)
Training: 	Epoch: 89	Time: 2.7032	Training Loss: 0.0588
Evaluation: 	Epoch: 89	Time: 0.1656	Dev acc: 66.93	Dev fscore(p/r/f): (73.66/69.97/71.76)
Training: 	Epoch: 90	Time: 2.6329	Training Loss: 0.2443
Evaluation: 	Epoch: 90	Time: 0.1627	Dev acc: 68.72	Dev fscore(p/r/f): (74.97/72.16/73.54)
Training: 	Epoch: 91	Time: 2.5801	Training Loss: 0.1011
Evaluation: 	Epoch: 91	Time: 0.1628	Dev acc: 65.92	Dev fscore(p/r/f): (74.41/69.45/71.84)
Training: 	Epoch: 92	Time: 2.5768	Training Loss: 0.0587
Evaluation: 	Epoch: 92	Time: 0.2032	Dev acc: 67.49	Dev fscore(p/r/f): (75.08/70.39/72.66)
Training: 	Epoch: 93	Time: 2.6071	Training Loss: 0.0379
Evaluation: 	Epoch: 93	Time: 0.1626	Dev acc: 67.49	Dev fscore(p/r/f): (75.96/70.18/72.95)
Training: 	Epoch: 94	Time: 2.5594	Training Loss: 0.0342
Evaluation: 	Epoch: 94	Time: 0.1652	Dev acc: 68.04	Dev fscore(p/r/f): (76.36/70.39/73.25)
Training: 	Epoch: 95	Time: 2.5391	Training Loss: 0.0289
Evaluation: 	Epoch: 95	Time: 0.1659	Dev acc: 68.27	Dev fscore(p/r/f): (77.00/71.22/74.00)
Training: 	Epoch: 96	Time: 2.5724	Training Loss: 0.0257
Evaluation: 	Epoch: 96	Time: 0.1754	Dev acc: 68.94	Dev fscore(p/r/f): (77.28/71.64/74.35)
Training: 	Epoch: 97	Time: 2.6387	Training Loss: 0.0255
Evaluation: 	Epoch: 97	Time: 0.1640	Dev acc: 68.94	Dev fscore(p/r/f): (78.05/71.95/74.88)
Training: 	Epoch: 98	Time: 2.6495	Training Loss: 0.0247
Evaluation: 	Epoch: 98	Time: 0.1663	Dev acc: 68.94	Dev fscore(p/r/f): (78.03/71.85/74.81)
Training: 	Epoch: 99	Time: 2.5317	Training Loss: 0.0241
Evaluation: 	Epoch: 99	Time: 0.1687	Dev acc: 68.83	Dev fscore(p/r/f): (78.33/71.22/74.60)
FINAL BEST RESULT: 	Epoch: 35	Dev loss: 1.3469	Dev acc: 71.0615	Dev fscore(p/r/f): (77.0811/74.3483/75.6900)
