Use GPU with index 0
Initialization finished ...
Random seed is set to 999
Use GPU with index 0
Load dataset and database finished, cost 12.2503s ...
Dataset size: train -> 5119 ; dev -> 895
Total training steps: 8000
Start training ......
Training: 	Epoch: 0	Time: 7.4280	Training Loss: 141.7237
Evaluation: 	Epoch: 0	Time: 0.3688	Dev acc: 70.39	Dev fscore(p/r/f): (79.48/73.10/76.15)
NEW BEST MODEL: 	Epoch: 0	Dev loss: 99.3672	Dev acc: 70.39	Dev fscore(p/r/f): (79.48/73.10/76.15)
Training: 	Epoch: 1	Time: 6.2932	Training Loss: 60.5139
Evaluation: 	Epoch: 1	Time: 0.3751	Dev acc: 72.40	Dev fscore(p/r/f): (82.64/74.45/78.33)
NEW BEST MODEL: 	Epoch: 1	Dev loss: 90.4863	Dev acc: 72.40	Dev fscore(p/r/f): (82.64/74.45/78.33)
Training: 	Epoch: 2	Time: 6.1914	Training Loss: 41.4145
Evaluation: 	Epoch: 2	Time: 0.3787	Dev acc: 71.73	Dev fscore(p/r/f): (80.58/74.87/77.62)
Training: 	Epoch: 3	Time: 6.1269	Training Loss: 29.8303
Evaluation: 	Epoch: 3	Time: 0.4068	Dev acc: 71.62	Dev fscore(p/r/f): (84.84/73.51/78.77)
Training: 	Epoch: 4	Time: 6.1924	Training Loss: 21.3015
Evaluation: 	Epoch: 4	Time: 0.3751	Dev acc: 71.84	Dev fscore(p/r/f): (84.73/74.04/79.02)
Training: 	Epoch: 5	Time: 6.1191	Training Loss: 16.3100
Evaluation: 	Epoch: 5	Time: 0.3653	Dev acc: 72.07	Dev fscore(p/r/f): (82.15/74.87/78.34)
Training: 	Epoch: 6	Time: 6.2975	Training Loss: 12.3134
Evaluation: 	Epoch: 6	Time: 0.3771	Dev acc: 68.27	Dev fscore(p/r/f): (84.51/71.12/77.24)
Training: 	Epoch: 7	Time: 6.1432	Training Loss: 9.5463
Evaluation: 	Epoch: 7	Time: 0.4055	Dev acc: 72.07	Dev fscore(p/r/f): (82.89/74.77/78.62)
Training: 	Epoch: 8	Time: 6.2415	Training Loss: 8.0642
Evaluation: 	Epoch: 8	Time: 0.3764	Dev acc: 70.61	Dev fscore(p/r/f): (84.50/73.31/78.50)
Training: 	Epoch: 9	Time: 6.2649	Training Loss: 6.7707
Evaluation: 	Epoch: 9	Time: 0.3730	Dev acc: 70.73	Dev fscore(p/r/f): (82.88/73.20/77.74)
Training: 	Epoch: 10	Time: 6.1132	Training Loss: 5.8122
Evaluation: 	Epoch: 10	Time: 0.3625	Dev acc: 70.50	Dev fscore(p/r/f): (85.18/73.10/78.68)
Training: 	Epoch: 11	Time: 6.2652	Training Loss: 5.8746
Evaluation: 	Epoch: 11	Time: 0.3831	Dev acc: 70.61	Dev fscore(p/r/f): (81.15/73.62/77.20)
Training: 	Epoch: 12	Time: 6.3668	Training Loss: 5.6957
Evaluation: 	Epoch: 12	Time: 0.3794	Dev acc: 69.39	Dev fscore(p/r/f): (83.17/72.16/77.28)
Training: 	Epoch: 13	Time: 6.2161	Training Loss: 5.1024
Evaluation: 	Epoch: 13	Time: 0.3871	Dev acc: 71.17	Dev fscore(p/r/f): (83.59/73.83/78.41)
Training: 	Epoch: 14	Time: 6.2663	Training Loss: 4.3522
Evaluation: 	Epoch: 14	Time: 0.3961	Dev acc: 71.06	Dev fscore(p/r/f): (83.89/73.83/78.54)
Training: 	Epoch: 15	Time: 6.1520	Training Loss: 3.4709
Evaluation: 	Epoch: 15	Time: 0.3789	Dev acc: 70.84	Dev fscore(p/r/f): (83.61/73.93/78.47)
Training: 	Epoch: 16	Time: 5.5235	Training Loss: 3.3130
Evaluation: 	Epoch: 16	Time: 0.3068	Dev acc: 71.73	Dev fscore(p/r/f): (83.39/74.35/78.61)
Training: 	Epoch: 17	Time: 5.2343	Training Loss: 2.9912
Evaluation: 	Epoch: 17	Time: 0.3008	Dev acc: 70.73	Dev fscore(p/r/f): (83.45/73.62/78.23)
Training: 	Epoch: 18	Time: 5.4113	Training Loss: 2.7076
Evaluation: 	Epoch: 18	Time: 0.3023	Dev acc: 69.83	Dev fscore(p/r/f): (83.35/72.05/77.29)
Training: 	Epoch: 19	Time: 5.4028	Training Loss: 2.7506
Evaluation: 	Epoch: 19	Time: 0.3343	Dev acc: 72.18	Dev fscore(p/r/f): (82.89/75.29/78.91)
Training: 	Epoch: 20	Time: 5.3719	Training Loss: 2.7047
Evaluation: 	Epoch: 20	Time: 0.3399	Dev acc: 70.50	Dev fscore(p/r/f): (82.59/73.20/77.61)
Training: 	Epoch: 21	Time: 5.4220	Training Loss: 2.6281
Evaluation: 	Epoch: 21	Time: 0.3273	Dev acc: 70.61	Dev fscore(p/r/f): (83.22/73.41/78.01)
Training: 	Epoch: 22	Time: 5.4905	Training Loss: 2.6014
Evaluation: 	Epoch: 22	Time: 0.3315	Dev acc: 65.47	Dev fscore(p/r/f): (84.58/66.94/74.74)
Training: 	Epoch: 23	Time: 5.4084	Training Loss: 2.5400
Evaluation: 	Epoch: 23	Time: 0.3637	Dev acc: 70.84	Dev fscore(p/r/f): (83.23/73.51/78.07)
Training: 	Epoch: 24	Time: 5.4800	Training Loss: 2.4367
Evaluation: 	Epoch: 24	Time: 0.3342	Dev acc: 71.06	Dev fscore(p/r/f): (83.14/74.04/78.32)
Training: 	Epoch: 25	Time: 5.3848	Training Loss: 2.2758
Evaluation: 	Epoch: 25	Time: 0.3457	Dev acc: 70.95	Dev fscore(p/r/f): (83.08/73.72/78.12)
Training: 	Epoch: 26	Time: 5.4254	Training Loss: 2.2232
Evaluation: 	Epoch: 26	Time: 0.3418	Dev acc: 70.84	Dev fscore(p/r/f): (83.12/73.93/78.26)
Training: 	Epoch: 27	Time: 5.3590	Training Loss: 2.1270
Evaluation: 	Epoch: 27	Time: 0.3333	Dev acc: 71.06	Dev fscore(p/r/f): (83.27/73.72/78.21)
Training: 	Epoch: 28	Time: 5.3669	Training Loss: 2.2450
Evaluation: 	Epoch: 28	Time: 0.3262	Dev acc: 70.61	Dev fscore(p/r/f): (82.88/73.72/78.04)
Training: 	Epoch: 29	Time: 5.3967	Training Loss: 2.2636
Evaluation: 	Epoch: 29	Time: 0.3282	Dev acc: 70.17	Dev fscore(p/r/f): (82.90/72.78/77.51)
Training: 	Epoch: 30	Time: 5.3468	Training Loss: 2.2117
Evaluation: 	Epoch: 30	Time: 0.3295	Dev acc: 69.61	Dev fscore(p/r/f): (83.63/72.47/77.65)
Training: 	Epoch: 31	Time: 5.3934	Training Loss: 2.2339
Evaluation: 	Epoch: 31	Time: 0.3276	Dev acc: 70.50	Dev fscore(p/r/f): (82.86/73.10/77.67)
Training: 	Epoch: 32	Time: 5.3535	Training Loss: 2.3060
Evaluation: 	Epoch: 32	Time: 0.3533	Dev acc: 71.28	Dev fscore(p/r/f): (83.04/74.04/78.28)
Training: 	Epoch: 33	Time: 5.3813	Training Loss: 5.7851
Evaluation: 	Epoch: 33	Time: 0.3470	Dev acc: 70.17	Dev fscore(p/r/f): (82.35/72.99/77.39)
Training: 	Epoch: 34	Time: 5.4784	Training Loss: 19.5776
Evaluation: 	Epoch: 34	Time: 0.3332	Dev acc: 68.27	Dev fscore(p/r/f): (85.16/71.22/77.57)
Training: 	Epoch: 35	Time: 5.4420	Training Loss: 7.7701
Evaluation: 	Epoch: 35	Time: 0.3296	Dev acc: 69.94	Dev fscore(p/r/f): (84.61/72.78/78.25)
Training: 	Epoch: 36	Time: 5.3903	Training Loss: 4.0558
Evaluation: 	Epoch: 36	Time: 0.3314	Dev acc: 69.72	Dev fscore(p/r/f): (84.16/72.58/77.94)
Training: 	Epoch: 37	Time: 5.3796	Training Loss: 2.7510
Evaluation: 	Epoch: 37	Time: 0.3314	Dev acc: 70.17	Dev fscore(p/r/f): (83.73/72.99/77.99)
Training: 	Epoch: 38	Time: 5.3355	Training Loss: 2.4067
Evaluation: 	Epoch: 38	Time: 0.3315	Dev acc: 69.72	Dev fscore(p/r/f): (83.89/72.78/77.95)
Training: 	Epoch: 39	Time: 5.4210	Training Loss: 2.3483
Evaluation: 	Epoch: 39	Time: 0.3623	Dev acc: 69.83	Dev fscore(p/r/f): (83.39/72.78/77.73)
Training: 	Epoch: 40	Time: 5.5303	Training Loss: 2.2271
Evaluation: 	Epoch: 40	Time: 0.3293	Dev acc: 69.61	Dev fscore(p/r/f): (83.43/72.47/77.57)
Training: 	Epoch: 41	Time: 5.3454	Training Loss: 2.1897
Evaluation: 	Epoch: 41	Time: 0.3400	Dev acc: 69.72	Dev fscore(p/r/f): (83.63/72.47/77.65)
Training: 	Epoch: 42	Time: 5.3998	Training Loss: 2.1928
Evaluation: 	Epoch: 42	Time: 0.3305	Dev acc: 70.06	Dev fscore(p/r/f): (83.29/72.78/77.69)
Training: 	Epoch: 43	Time: 5.2759	Training Loss: 2.1405
Evaluation: 	Epoch: 43	Time: 0.3356	Dev acc: 70.28	Dev fscore(p/r/f): (83.29/73.31/77.98)
Training: 	Epoch: 44	Time: 5.4289	Training Loss: 2.1489
Evaluation: 	Epoch: 44	Time: 0.3288	Dev acc: 70.28	Dev fscore(p/r/f): (83.18/73.20/77.87)
Training: 	Epoch: 45	Time: 5.4135	Training Loss: 2.0754
Evaluation: 	Epoch: 45	Time: 0.3249	Dev acc: 69.83	Dev fscore(p/r/f): (83.21/72.89/77.71)
Training: 	Epoch: 46	Time: 5.3945	Training Loss: 2.0843
Evaluation: 	Epoch: 46	Time: 0.3286	Dev acc: 70.28	Dev fscore(p/r/f): (83.33/72.99/77.82)
Training: 	Epoch: 47	Time: 5.4985	Training Loss: 2.1479
Evaluation: 	Epoch: 47	Time: 0.3318	Dev acc: 70.39	Dev fscore(p/r/f): (83.23/73.51/78.07)
Training: 	Epoch: 48	Time: 5.4438	Training Loss: 2.0063
Evaluation: 	Epoch: 48	Time: 0.3497	Dev acc: 70.39	Dev fscore(p/r/f): (83.06/73.10/77.76)
Training: 	Epoch: 49	Time: 5.4543	Training Loss: 1.9681
Evaluation: 	Epoch: 49	Time: 0.3283	Dev acc: 69.61	Dev fscore(p/r/f): (83.37/72.68/77.66)
FINAL BEST RESULT: 	Epoch: 1	Dev loss: 90.4863	Dev acc: 72.4022	Dev fscore(p/r/f): (82.6389/74.4526/78.3324)
